<?xml version="1.0" encoding="UTF-8"?>
<!-- Generated by org.testng.reporters.JUnitReportReporter -->
<testsuite skipped="0" hostname="DESKTOP-PU16VBP" name="TestRunner.runTest" tests="1" failures="0" timestamp="2021-02-02T22:02:36 CST" time="9.843" errors="0">
  <testcase name="feature" time="9.843" classname="TestRunner.runTest"/>
  <system-out/>
</testsuite> <!-- TestRunner.runTest -->
